<?xml version="1.0" encoding="UTF-8"?>
<!-- Generated by org.testng.reporters.JUnitReportReporter -->
<testsuite skipped="0" hostname="DESKTOP-9THQCGB" name="com.ive.AutomationSelenium.Test.LoginTest" tests="2" failures="0" timestamp="2020-10-28T02:19:15 BDT" time="18.510" errors="0">
  <testcase name="Logintest" time="6.015" classname="com.ive.AutomationSelenium.Test.LoginTest"/>
  <system-out/>
  <testcase name="CheckLoginPageTitle" time="12.495" classname="com.ive.AutomationSelenium.Test.LoginTest"/>
  <system-out/>
</testsuite> <!-- com.ive.AutomationSelenium.Test.LoginTest -->
