<?xml version="1.0" encoding="UTF-8"?>
<!-- Generated by org.testng.reporters.JUnitReportReporter -->
<testsuite skipped="0" hostname="DESKTOP-9THQCGB" name="com.ive.AutomationSelenium.Utils.DriverManager" tests="1" failures="0" timestamp="2020-10-26T23:11:44 BDT" time="0.191" errors="0">
  <testcase name="DriverTest" time="0.191" classname="com.ive.AutomationSelenium.Utils.DriverManager"/>
  <system-out/>
</testsuite> <!-- com.ive.AutomationSelenium.Utils.DriverManager -->
